[fetch-repository : clone] + CHECKOUT_DIR=/workspace/output/
[fetch-repository : clone] + [[ true == \t\r\u\e ]]
[fetch-repository : clone] + cleandir
[fetch-repository : clone] + [[ -d /workspace/output/ ]]
[fetch-repository : clone] + rm -rf /workspace/output//lost+found
[fetch-repository : clone] + rm -rf '/workspace/output//.[!.]*'
[fetch-repository : clone] + rm -rf '/workspace/output//..?*'
[fetch-repository : clone] + test -z ''
[fetch-repository : clone] + test -z ''
[fetch-repository : clone] + test -z ''
[fetch-repository : clone] + /ko-app/git-init -url https://github.com/cloud-native-garage-method-cohort/seoungkweon-public-yaml-linter.git -revision '' -refspec '' -path /workspace/output/ -sslVerify=true -submodules=true -depth 1
[fetch-repository : clone] {"level":"info","ts":1628594736.9642692,"caller":"git/git.go:157","msg":"Successfully cloned https://github.com/cloud-native-garage-method-cohort/seoungkweon-public-yaml-linter.git @ c66e3debcdb576152d66c04cf10562ab4abc0c62 (grafted, HEAD) in path /workspace/output/"}
[fetch-repository : clone] {"level":"info","ts":1628594737.2730415,"caller":"git/git.go:198","msg":"Successfully initialized and updated submodules in path /workspace/output/"}
[fetch-repository : clone] + cd /workspace/output/
[fetch-repository : clone] ++ git rev-parse HEAD
[fetch-repository : clone] + RESULT_SHA=c66e3debcdb576152d66c04cf10562ab4abc0c62
[fetch-repository : clone] + EXIT_CODE=0
[fetch-repository : clone] + '[' 0 '!=' 0 ']'
[fetch-repository : clone] + echo -n c66e3debcdb576152d66c04cf10562ab4abc0c62
[fetch-repository : clone] + echo -n https://github.com/cloud-native-garage-method-cohort/seoungkweon-public-yaml-linter.git

[yaml-lint-run : lint-yaml-files] ./yaml-linter-wrong.yaml
[yaml-lint-run : lint-yaml-files]   1:1       warning  missing document start "---"  (document-start)
[yaml-lint-run : lint-yaml-files]   2:9       error    syntax error: mapping values are not allowed here (syntax)
[yaml-lint-run : lint-yaml-files] 
[yaml-lint-run : lint-yaml-files] ./yaml-linter-test.yaml
[yaml-lint-run : lint-yaml-files]   1:1       warning  missing document start "---"  (document-start)
[yaml-lint-run : lint-yaml-files] 

